>>> say_my_name = __import__('3-say_my_name').say_my_name
>>> print(say_my_name("John", "Smith"))
My name is John Smith
>>> print(say_my_name("John"))
My name is John 
>>> print(say_my_name(12, "Smith"))
Traceback (most recent call last):
  File "<stdin>", line 1, in <module>
  File "/home/toyin-fa/alx-higher_level_programming/0x07-python-test_driven_development/3-say_my_name.py", line 27, in say_my_name
    raise TypeError("first_name must be a string")
TypeError: first_name must be a string
>>> print(say_my_name("Smith", 12))
Traceback (most recent call last):
  File "<stdin>", line 1, in <module>
  File "/home/toyin-fa/alx-higher_level_programming/0x07-python-test_driven_development/3-say_my_name.py", line 29, in say_my_name
    raise TypeError("last_name must be a string")
TypeError: last_name must be a string
>>> print(say_my_name("Smith", NaN))
Traceback (most recent call last):
  File "<stdin>", line 1, in <module>
NameError: name 'NaN' is not defined
>>> print(say_my_name("Smith", 2.4))
Traceback (most recent call last):
  File "<stdin>", line 1, in <module>
  File "/home/toyin-fa/alx-higher_level_programming/0x07-python-test_driven_development/3-say_my_name.py", line 29, in say_my_name
    raise TypeError("last_name must be a string")
TypeError: last_name must be a string
>>> print(say_my_name(100.3, "Smith"))
Traceback (most recent call last):
  File "<stdin>", line 1, in <module>
  File "/home/toyin-fa/alx-higher_level_programming/0x07-python-test_driven_development/3-say_my_name.py", line 27, in say_my_name
    raise TypeError("first_name must be a string")
TypeError: first_name must be a string
>>> print(say_my_name("Walter", "White"))
My name is Walter White
>>> print(say_my_name("Bob"))
My name is Bob 
>>> 